{"/home/eduardo/Documentos/Estudo/rocketseat/behind-the-code/email-microservice/src/services/import-contacts-service.ts": {"path":"/home/eduardo/Documentos/Estudo/rocketseat/behind-the-code/email-microservice/src/services/import-contacts-service.ts","statementMap":{"0":{"start":{"line":1,"column":0},"end":{"line":1,"column":39}},"1":{"start":{"line":2,"column":0},"end":{"line":2,"column":31}},"2":{"start":{"line":3,"column":0},"end":{"line":3,"column":33}},"3":{"start":{"line":6,"column":0},"end":{"line":6,"column":null}},"4":{"start":{"line":8,"column":10},"end":{"line":42,"column":null}},"5":{"start":{"line":10,"column":14},"end":{"line":12,"column":11}},"6":{"start":{"line":14,"column":14},"end":{"line":14,"column":58}},"7":{"start":{"line":16,"column":29},"end":{"line":20,"column":null}},"8":{"start":{"line":16,"column":14},"end":{"line":20,"column":null}},"9":{"start":{"line":22,"column":14},"end":{"line":22,"column":70}},"10":{"start":{"line":22,"column":59},"end":{"line":22,"column":69}},"11":{"start":{"line":24,"column":14},"end":{"line":26,"column":42}},"12":{"start":{"line":25,"column":27},"end":{"line":25,"column":61}},"13":{"start":{"line":26,"column":24},"end":{"line":26,"column":41}},"14":{"start":{"line":28,"column":28},"end":{"line":28,"column":null}},"15":{"start":{"line":28,"column":14},"end":{"line":28,"column":null}},"16":{"start":{"line":29,"column":14},"end":{"line":29,"column":56}},"17":{"start":{"line":29,"column":47},"end":{"line":29,"column":55}},"18":{"start":{"line":31,"column":8},"end":{"line":39,"column":11}},"19":{"start":{"line":31,"column":38},"end":{"line":39,"column":10}},"20":{"start":{"line":32,"column":19},"end":{"line":32,"column":28}},"21":{"start":{"line":34,"column":12},"end":{"line":38,"column":14}},"22":{"start":{"line":41,"column":8},"end":{"line":41,"column":66}},"23":{"start":{"line":41,"column":37},"end":{"line":41,"column":65}},"24":{"start":{"line":43,"column":0},"end":{"line":43,"column":null}},"25":{"start":{"line":45,"column":0},"end":{"line":45,"column":37}}},"fnMap":{"0":{"name":"(anonymous_14)","decl":{"start":{"line":6,"column":0},"end":{"line":6,"column":null}},"loc":{"start":{"line":6,"column":0},"end":{"line":43,"column":null}}},"1":{"name":"(anonymous_16)","decl":{"start":{"line":8,"column":4},"end":{"line":8,"column":10}},"loc":{"start":{"line":8,"column":63},"end":{"line":42,"column":null}}},"2":{"name":"(anonymous_19)","decl":{"start":{"line":22,"column":52},"end":{"line":22,"column":55}},"loc":{"start":{"line":22,"column":55},"end":{"line":22,"column":62}}},"3":{"name":"(anonymous_20)","decl":{"start":{"line":25,"column":20},"end":{"line":25,"column":23}},"loc":{"start":{"line":25,"column":23},"end":{"line":25,"column":28}}},"4":{"name":"(anonymous_21)","decl":{"start":{"line":26,"column":17},"end":{"line":26,"column":20}},"loc":{"start":{"line":26,"column":20},"end":{"line":26,"column":25}}},"5":{"name":"(anonymous_22)","decl":{"start":{"line":29,"column":40},"end":{"line":29,"column":43}},"loc":{"start":{"line":29,"column":43},"end":{"line":29,"column":50}}},"6":{"name":"(anonymous_23)","decl":{"start":{"line":31,"column":28},"end":{"line":31,"column":34}},"loc":{"start":{"line":31,"column":38},"end":{"line":39,"column":10}}},"7":{"name":"(anonymous_24)","decl":{"start":{"line":31,"column":38},"end":{"line":31,"column":null}},"loc":{"start":{"line":31,"column":38},"end":{"line":39,"column":10}}},"8":{"name":"(anonymous_26)","decl":{"start":{"line":41,"column":26},"end":{"line":41,"column":33}},"loc":{"start":{"line":41,"column":33},"end":{"line":41,"column":45}}}},"branchMap":{},"s":{"0":1,"1":1,"2":1,"3":1,"4":1,"5":3,"6":3,"7":3,"8":3,"9":3,"10":1,"11":3,"12":5,"13":4,"14":3,"15":3,"16":3,"17":4,"18":3,"19":9,"20":9,"21":18,"22":6,"23":3,"24":1,"25":1},"f":{"0":4,"1":3,"2":1,"3":5,"4":4,"5":4,"6":9,"7":9,"8":3},"b":{}}
}
