TN:
SF:src/services/import-contacts-service.ts
FN:6,(anonymous_14)
FN:8,(anonymous_16)
FN:22,(anonymous_19)
FN:25,(anonymous_20)
FN:26,(anonymous_21)
FN:29,(anonymous_22)
FN:31,(anonymous_23)
FN:31,(anonymous_24)
FN:41,(anonymous_26)
FNF:9
FNH:9
FNDA:4,(anonymous_14)
FNDA:3,(anonymous_16)
FNDA:1,(anonymous_19)
FNDA:5,(anonymous_20)
FNDA:4,(anonymous_21)
FNDA:4,(anonymous_22)
FNDA:9,(anonymous_23)
FNDA:9,(anonymous_24)
FNDA:3,(anonymous_26)
DA:1,1
DA:2,1
DA:3,1
DA:6,1
DA:8,1
DA:10,3
DA:14,3
DA:16,3
DA:22,3
DA:24,3
DA:25,5
DA:26,4
DA:28,3
DA:29,4
DA:31,9
DA:32,9
DA:34,18
DA:41,6
DA:43,1
DA:45,1
LF:20
LH:20
BRF:0
BRH:0
end_of_record
